<?xml version="1.0" encoding="UTF-8"?>
<!-- Generated by org.testng.reporters.JUnitReportReporter -->
<testsuite hostname="Mds-MacBook-Air.home" failures="0" tests="1" name="scriptRunner.Expedia" time="51.984" errors="0" timestamp="2020-12-27T12:46:19 EST" skipped="0">
  <testcase classname="scriptRunner.Expedia" name="f" time="51.984"/>
  <system-out/>
</testsuite> <!-- scriptRunner.Expedia -->
