<?xml version="1.0" encoding="UTF-8"?>
<!-- Generated by org.testng.reporters.JUnitReportReporter -->
<testsuite hostname="Mds-MacBook-Air.home" failures="0" tests="1" name="scriptRunner.HomeTest" time="9.511" errors="0" timestamp="2021-01-06T14:05:55 EST" skipped="0">
  <testcase classname="scriptRunner.HomeTest" name="f" time="9.511"/>
  <system-out/>
</testsuite> <!-- scriptRunner.HomeTest -->
