<?xml version="1.0" encoding="UTF-8"?>
<!-- Generated by org.testng.reporters.JUnitReportReporter -->
<testsuite hostname="Mds-MacBook-Air.home" failures="0" tests="2" name="scriptRunner.DataProv" time="2.482" errors="0" timestamp="2020-12-25T20:27:45 EST" skipped="0">
  <testcase classname="scriptRunner.DataProv" name="f" time="0.446"/>
  <system-out/>
  <testcase classname="scriptRunner.DataProv" name="f" time="2.036"/>
  <system-out/>
</testsuite> <!-- scriptRunner.DataProv -->
