<?xml version="1.0" encoding="UTF-8"?>
<!-- Generated by org.testng.reporters.JUnitReportReporter -->
<testsuite hostname="Mds-MacBook-Air.home" failures="0" tests="1" name="scriptRunner.HomeTest" time="10.546" errors="0" timestamp="2020-12-25T20:36:25 EST" skipped="0">
  <testcase classname="scriptRunner.HomeTest" name="f" time="10.546"/>
  <system-out/>
</testsuite> <!-- scriptRunner.HomeTest -->
